<?xml version="1.0" encoding="UTF-8"?>
<testng-results skipped="0" failed="0" ignored="0" total="1" passed="1">
  <reporter-output>
  </reporter-output>
  <suite name="Default suite" duration-ms="36803" started-at="2019-11-21T11:28:36 IST" finished-at="2019-11-21T11:29:13 IST">
    <groups>
    </groups>
    <test name="Default test" duration-ms="36803" started-at="2019-11-21T11:28:36 IST" finished-at="2019-11-21T11:29:13 IST">
      <class name="TestManager.RegistrationTest">
        <test-method status="PASS" signature="doBeforeTest1()[pri:0, instance:TestManager.RegistrationTest@5e25a92e]" name="doBeforeTest1" is-config="true" duration-ms="23821" started-at="2019-11-21T11:28:36 IST" finished-at="2019-11-21T11:29:00 IST">
          <reporter-output>
          </reporter-output>
        </test-method> <!-- doBeforeTest1 -->
        <test-method status="PASS" signature="mainpage_menubar_element_display_test02()[pri:0, instance:TestManager.RegistrationTest@5e25a92e]" name="mainpage_menubar_element_display_test02" duration-ms="12932" started-at="2019-11-21T11:29:00 IST" finished-at="2019-11-21T11:29:13 IST">
          <reporter-output>
          </reporter-output>
        </test-method> <!-- mainpage_menubar_element_display_test02 -->
        <test-method status="PASS" signature="tearDown()[pri:0, instance:TestManager.RegistrationTest@5e25a92e]" name="tearDown" is-config="true" duration-ms="1" started-at="2019-11-21T11:29:13 IST" finished-at="2019-11-21T11:29:13 IST">
          <reporter-output>
          </reporter-output>
        </test-method> <!-- tearDown -->
      </class> <!-- TestManager.RegistrationTest -->
    </test> <!-- Default test -->
  </suite> <!-- Default suite -->
</testng-results>
