<?xml version="1.0" encoding="UTF-8"?>
<testng-results skipped="0" failed="0" ignored="0" total="1" passed="1">
  <reporter-output>
  </reporter-output>
  <suite name="Default suite" duration-ms="50926" started-at="2019-12-25T11:44:46Z" finished-at="2019-12-25T11:45:37Z">
    <groups>
    </groups>
    <test name="Default test" duration-ms="50926" started-at="2019-12-25T11:44:46Z" finished-at="2019-12-25T11:45:37Z">
      <class name="TestManager.TicketBookingTest">
        <test-method status="PASS" signature="test1()[pri:0, instance:TestManager.TicketBookingTest@68be2bc2]" name="test1" duration-ms="50897" started-at="2019-12-25T17:14:47Z" finished-at="2019-12-25T17:15:37Z">
          <reporter-output>
          </reporter-output>
        </test-method> <!-- test1 -->
      </class> <!-- TestManager.TicketBookingTest -->
    </test> <!-- Default test -->
  </suite> <!-- Default suite -->
</testng-results>
